<?xml version="1.0" encoding="UTF-8"?>
<!-- Generated by org.testng.reporters.JUnitReportReporter -->
<testsuite skipped="0" hostname="83891f0ea994" name="com.searchmodule.tests.SearchTest" tests="4" failures="0" timestamp="02 May 2021 11:32:11 GMT" time="6.168" errors="0">
  <testcase name="search" time="1.494" classname="com.searchmodule.tests.SearchTest"/>
  <testcase name="search" time="1.531" classname="com.searchmodule.tests.SearchTest"/>
  <testcase name="search" time="1.527" classname="com.searchmodule.tests.SearchTest"/>
  <testcase name="search" time="1.616" classname="com.searchmodule.tests.SearchTest"/>
</testsuite> <!-- com.searchmodule.tests.SearchTest -->
